{"contracts/BFFDistributor.sol":{"l":{"26":9,"41":5,"42":5,"43":5,"61":12,"77":8,"78":7,"95":20,"96":20,"111":8,"112":7,"125":7,"126":6,"129":1,"145":1,"146":1},"path":"/Users/ryanwang/Documents/Github/token-distributor/contracts/BFFDistributor.sol","s":{"1":9,"2":5,"3":5,"4":5,"5":12,"6":8,"7":7,"8":20,"9":20,"10":8,"11":7,"12":7,"13":6,"14":1,"15":1,"16":1},"b":{"1":[7,1],"2":[6,1]},"f":{"1":9,"2":5,"3":12,"4":8,"5":20,"6":8,"7":7,"8":1},"fnMap":{"1":{"name":"constructor","line":25,"loc":{"start":{"line":25,"column":4},"end":{"line":27,"column":4}}},"2":{"name":"newMerkleAllocations","line":39,"loc":{"start":{"line":33,"column":4},"end":{"line":44,"column":4}}},"3":{"name":"verifyClaim","line":51,"loc":{"start":{"line":51,"column":4},"end":{"line":62,"column":4}}},"4":{"name":"claimTokens","line":69,"loc":{"start":{"line":69,"column":4},"end":{"line":79,"column":4}}},"5":{"name":"_verify","line":86,"loc":{"start":{"line":86,"column":4},"end":{"line":97,"column":4}}},"6":{"name":"_claim","line":104,"loc":{"start":{"line":104,"column":4},"end":{"line":113,"column":4}}},"7":{"name":"_distribute","line":119,"loc":{"start":{"line":119,"column":4},"end":{"line":131,"column":4}}},"8":{"name":"withdrawTokens","line":143,"loc":{"start":{"line":137,"column":4},"end":{"line":147,"column":4}}}},"statementMap":{"1":{"start":{"line":26,"column":8},"end":{"line":26,"column":23}},"2":{"start":{"line":41,"column":8},"end":{"line":41,"column":76}},"3":{"start":{"line":42,"column":8},"end":{"line":42,"column":31}},"4":{"start":{"line":43,"column":8},"end":{"line":43,"column":54}},"5":{"start":{"line":61,"column":8},"end":{"line":61,"column":52}},"6":{"start":{"line":77,"column":8},"end":{"line":77,"column":43}},"7":{"start":{"line":78,"column":8},"end":{"line":78,"column":35}},"8":{"start":{"line":95,"column":8},"end":{"line":95,"column":67}},"9":{"start":{"line":96,"column":8},"end":{"line":96,"column":64}},"10":{"start":{"line":111,"column":8},"end":{"line":111,"column":79}},"11":{"start":{"line":112,"column":8},"end":{"line":112,"column":37}},"12":{"start":{"line":125,"column":8},"end":{"line":125,"column":4173}},"13":{"start":{"line":126,"column":12},"end":{"line":126,"column":49}},"14":{"start":{"line":129,"column":12},"end":{"line":129,"column":82}},"15":{"start":{"line":145,"column":8},"end":{"line":145,"column":40}},"16":{"start":{"line":146,"column":8},"end":{"line":146,"column":37}}},"branchMap":{"1":{"line":111,"type":"if","locations":[{"start":{"line":111,"column":8},"end":{"line":111,"column":8}},{"start":{"line":111,"column":8},"end":{"line":111,"column":8}}]},"2":{"line":125,"type":"if","locations":[{"start":{"line":125,"column":8},"end":{"line":125,"column":8}},{"start":{"line":125,"column":8},"end":{"line":125,"column":8}}]}}},"contracts/interfaces/IBFFDistributor.sol":{"l":{},"path":"/Users/ryanwang/Documents/Github/token-distributor/contracts/interfaces/IBFFDistributor.sol","s":{},"b":{},"f":{},"fnMap":{},"statementMap":{},"branchMap":{}}}