{"contracts/BFFDistributor.sol":{"l":{"28":3,"43":1,"44":1,"45":1,"63":4,"79":0,"80":0,"97":4,"98":4,"113":0,"114":0,"127":0,"128":0,"131":0,"147":0,"148":0},"path":"/Users/ryanwang/Documents/Github/token-distributor/contracts/BFFDistributor.sol","s":{"1":3,"2":1,"3":1,"4":1,"5":4,"6":0,"7":0,"8":4,"9":4,"10":0,"11":0,"12":0,"13":0,"14":0,"15":0,"16":0},"b":{"1":[0,0],"2":[0,0]},"f":{"1":3,"2":1,"3":4,"4":0,"5":4,"6":0,"7":0,"8":0},"fnMap":{"1":{"name":"constructor","line":27,"loc":{"start":{"line":27,"column":4},"end":{"line":29,"column":4}}},"2":{"name":"newMerkleAllocations","line":41,"loc":{"start":{"line":35,"column":4},"end":{"line":46,"column":4}}},"3":{"name":"verifyClaim","line":53,"loc":{"start":{"line":53,"column":4},"end":{"line":64,"column":4}}},"4":{"name":"claimTokens","line":71,"loc":{"start":{"line":71,"column":4},"end":{"line":81,"column":4}}},"5":{"name":"_verify","line":88,"loc":{"start":{"line":88,"column":4},"end":{"line":99,"column":4}}},"6":{"name":"_claim","line":106,"loc":{"start":{"line":106,"column":4},"end":{"line":115,"column":4}}},"7":{"name":"_distribute","line":121,"loc":{"start":{"line":121,"column":4},"end":{"line":133,"column":4}}},"8":{"name":"withdrawTokens","line":145,"loc":{"start":{"line":139,"column":4},"end":{"line":149,"column":4}}}},"statementMap":{"1":{"start":{"line":28,"column":8},"end":{"line":28,"column":23}},"2":{"start":{"line":43,"column":8},"end":{"line":43,"column":76}},"3":{"start":{"line":44,"column":8},"end":{"line":44,"column":31}},"4":{"start":{"line":45,"column":8},"end":{"line":45,"column":54}},"5":{"start":{"line":63,"column":8},"end":{"line":63,"column":52}},"6":{"start":{"line":79,"column":8},"end":{"line":79,"column":43}},"7":{"start":{"line":80,"column":8},"end":{"line":80,"column":35}},"8":{"start":{"line":97,"column":8},"end":{"line":97,"column":67}},"9":{"start":{"line":98,"column":8},"end":{"line":98,"column":64}},"10":{"start":{"line":113,"column":8},"end":{"line":113,"column":79}},"11":{"start":{"line":114,"column":8},"end":{"line":114,"column":37}},"12":{"start":{"line":127,"column":8},"end":{"line":127,"column":4204}},"13":{"start":{"line":128,"column":12},"end":{"line":128,"column":49}},"14":{"start":{"line":131,"column":12},"end":{"line":131,"column":82}},"15":{"start":{"line":147,"column":8},"end":{"line":147,"column":40}},"16":{"start":{"line":148,"column":8},"end":{"line":148,"column":37}}},"branchMap":{"1":{"line":113,"type":"if","locations":[{"start":{"line":113,"column":8},"end":{"line":113,"column":8}},{"start":{"line":113,"column":8},"end":{"line":113,"column":8}}]},"2":{"line":127,"type":"if","locations":[{"start":{"line":127,"column":8},"end":{"line":127,"column":8}},{"start":{"line":127,"column":8},"end":{"line":127,"column":8}}]}}},"contracts/interfaces/IBFFDistributor.sol":{"l":{},"path":"/Users/ryanwang/Documents/Github/token-distributor/contracts/interfaces/IBFFDistributor.sol","s":{},"b":{},"f":{},"fnMap":{},"statementMap":{},"branchMap":{}}}